<?xml version="1.0" encoding="utf-8"?>
<TestRun id="4014f969-0dec-4a95-9ef9-61ee87850fc1" name="@dragon 2023-01-27 12:38:48" xmlns="http://microsoft.com/schemas/VisualStudio/TeamTest/2010">
  <Times creation="2023-01-27T12:38:48.7266739-03:00" queuing="2023-01-27T12:38:48.7266740-03:00" start="2023-01-27T12:38:48.2953319-03:00" finish="2023-01-27T12:38:48.7326463-03:00" />
  <TestSettings name="default" id="fd10a68b-21bb-4242-aab3-baf7e79a91f2">
    <Deployment runDeploymentRoot="_dragon_2023-01-27_12_38_48" />
  </TestSettings>
  <Results>
    <UnitTestResult executionId="5b79a905-9cab-4de8-b67a-851c867abc49" testId="2bb1d33d-a943-9020-ab0f-837c391d8583" testName="pchar matching" computerName="dragon" duration="00:00:00.0081160" startTime="2023-01-27T12:38:48.0000000-03:00" endTime="2023-01-27T12:38:48.0000000-03:00" testType="13cdc9d9-ddb5-4fa4-a97d-d965ccfc6d4b" outcome="Passed" testListId="8c84fa94-04c1-424b-9868-57a2d4851a1d" relativeResultsDirectory="5b79a905-9cab-4de8-b67a-851c867abc49" />
    <UnitTestResult executionId="75dc7ed7-f1ff-472b-80df-d805e00b751d" testId="10fa9a37-9cdd-d88c-c22b-6f4ad32ecd07" testName="pchar not matching" computerName="dragon" duration="00:00:00.0076270" startTime="2023-01-27T12:38:48.0000000-03:00" endTime="2023-01-27T12:38:48.0000000-03:00" testType="13cdc9d9-ddb5-4fa4-a97d-d965ccfc6d4b" outcome="Passed" testListId="8c84fa94-04c1-424b-9868-57a2d4851a1d" relativeResultsDirectory="75dc7ed7-f1ff-472b-80df-d805e00b751d" />
  </Results>
  <TestDefinitions>
    <UnitTest name="pchar not matching" storage="/home/giga/projects/flox/flox.tests/bin/debug/net7.0/flox.tests.dll" id="10fa9a37-9cdd-d88c-c22b-6f4ad32ecd07">
      <Execution id="75dc7ed7-f1ff-472b-80df-d805e00b751d" />
      <TestMethod codeBase="/home/giga/Projects/flox/Flox.Tests/bin/Debug/net7.0/Flox.Tests.dll" adapterTypeName="executor://nunit3testexecutor/" className="ParserCombinators.Tests" name="pchar not matching" />
    </UnitTest>
    <UnitTest name="pchar matching" storage="/home/giga/projects/flox/flox.tests/bin/debug/net7.0/flox.tests.dll" id="2bb1d33d-a943-9020-ab0f-837c391d8583">
      <Execution id="5b79a905-9cab-4de8-b67a-851c867abc49" />
      <TestMethod codeBase="/home/giga/Projects/flox/Flox.Tests/bin/Debug/net7.0/Flox.Tests.dll" adapterTypeName="executor://nunit3testexecutor/" className="ParserCombinators.Tests" name="pchar matching" />
    </UnitTest>
  </TestDefinitions>
  <TestEntries>
    <TestEntry testId="2bb1d33d-a943-9020-ab0f-837c391d8583" executionId="5b79a905-9cab-4de8-b67a-851c867abc49" testListId="8c84fa94-04c1-424b-9868-57a2d4851a1d" />
    <TestEntry testId="10fa9a37-9cdd-d88c-c22b-6f4ad32ecd07" executionId="75dc7ed7-f1ff-472b-80df-d805e00b751d" testListId="8c84fa94-04c1-424b-9868-57a2d4851a1d" />
  </TestEntries>
  <TestLists>
    <TestList name="Results Not in a List" id="8c84fa94-04c1-424b-9868-57a2d4851a1d" />
    <TestList name="All Loaded Results" id="19431567-8539-422a-85d7-44ee4e166bda" />
  </TestLists>
  <ResultSummary outcome="Completed">
    <Counters total="2" executed="2" passed="2" failed="0" error="0" timeout="0" aborted="0" inconclusive="0" passedButRunAborted="0" notRunnable="0" notExecuted="0" disconnected="0" warning="0" completed="0" inProgress="0" pending="0" />
    <Output>
      <StdOut>NUnit Adapter 3.9.0.0: Test execution started
Running all tests in /home/giga/Projects/flox/Flox.Tests/bin/Debug/net7.0/Flox.Tests.dll
NUnit3TestExecutor converted 2 of 2 NUnit test cases
NUnit Adapter 3.9.0.0: Test execution complete
</StdOut>
    </Output>
  </ResultSummary>
</TestRun>